#
# A fatal error has been detected by the Java Runtime Environment:
#
#  Internal Error (safepoint.cpp:316), pid=19383, tid=6678499328
#  guarantee(PageArmed == 0) failed: invariant
#
# JRE version: 7.0_05-b05
# Java VM: Java HotSpot(TM) 64-Bit Server VM (23.1-b03 mixed mode bsd-amd64 compressed oops)
# Failed to write core dump. Core dumps have been disabled. To enable core dumping, try "ulimit -c unlimited" before starting Java again
#
# If you would like to submit a bug report, please visit:
#   http://bugreport.sun.com/bugreport/crash.jsp
#

---------------  T H R E A D  ---------------

Current thread (0x00007fa86d043800):  VMThread [stack: 0x000000018e01d000,0x000000018e11d000] [id=-1911435264]

Stack: [0x000000018e01d000,0x000000018e11d000],  sp=0x000000018e11ca80,  free space=1022k
Native frames: (J=compiled Java code, j=interpreted, Vv=VM code, C=native code)
V  [libjvm.dylib+0x4a143b]
V  [libjvm.dylib+0x1b11d3]
V  [libjvm.dylib+0x401268]
V  [libjvm.dylib+0x4a73ad]
V  [libjvm.dylib+0x4a6d6b]
V  [libjvm.dylib+0x3b3b39]
C  [libsystem_c.dylib+0x14742]  _pthread_start+0x147
C  [libsystem_c.dylib+0x1181]  thread_start+0xd

VM_Operation (0x00007fa86bc25f60): EnableBiasedLocking, mode: async safepoint, requested by thread 0x00007fa86d048800


---------------  P R O C E S S  ---------------

Java Threads: ( => current thread )
  0x00007fa86d05b800 JavaThread "Service Thread" daemon [_thread_blocked, id=-1903702016, stack(0x000000018e77d000,0x000000018e87d000)]
  0x00007fa86d05b000 JavaThread "C2 CompilerThread1" daemon [_thread_blocked, id=-1904762880, stack(0x000000018e67a000,0x000000018e77a000)]
  0x00007fa86d059000 JavaThread "C2 CompilerThread0" daemon [_thread_blocked, id=-1905823744, stack(0x000000018e577000,0x000000018e677000)]
  0x00007fa86d056000 JavaThread "Signal Dispatcher" daemon [_thread_blocked, id=-1906884608, stack(0x000000018e474000,0x000000018e574000)]
  0x00007fa86c010000 JavaThread "Finalizer" daemon [_thread_blocked, id=-1909313536, stack(0x000000018e223000,0x000000018e323000)]
  0x00007fa86c00f000 JavaThread "Reference Handler" daemon [_thread_blocked, id=-1910374400, stack(0x000000018e120000,0x000000018e220000)]
  0x00007fa86e800000 JavaThread "main" [_thread_in_Java, id=25141248, stack(0x00000001016fa000,0x00000001017fa000)]

Other Threads:
=>0x00007fa86d043800 VMThread [stack: 0x000000018e01d000,0x000000018e11d000] [id=-1911435264]
  0x00007fa86d048800 WatcherThread [stack: 0x000000018e880000,0x000000018e980000] [id=-1902641152]

VM state:synchronizing (normal execution)

VM Mutex/Monitor currently owned by a thread:  ([mutex/lock_event])
[0x00007fa86cb02d50] Safepoint_lock - owner thread: 0x00007fa86d043800
[0x00007fa86cb02dd0] Threads_lock - owner thread: 0x00007fa86d043800

Heap
 PSYoungGen      total 37184K, used 1277K [0x000000015ca50000, 0x000000015f3c0000, 0x00000001861a0000)
  eden space 31936K, 4% used [0x000000015ca50000,0x000000015cb8f6c0,0x000000015e980000)
  from space 5248K, 0% used [0x000000015eea0000,0x000000015eea0000,0x000000015f3c0000)
  to   space 5248K, 0% used [0x000000015e980000,0x000000015e980000,0x000000015eea0000)
 ParOldGen       total 84864K, used 0K [0x0000000109ba0000, 0x000000010ee80000, 0x000000015ca50000)
  object space 84864K, 0% used [0x0000000109ba0000,0x0000000109ba0000,0x000000010ee80000)
 PSPermGen       total 21248K, used 2611K [0x00000001049a0000, 0x0000000105e60000, 0x0000000109ba0000)
  object space 21248K, 12% used [0x00000001049a0000,0x0000000104c2ce08,0x0000000105e60000)

Code Cache  [0x00000001018cf000, 0x0000000101b3f000, 0x00000001048cf000)
 total_blobs=184 nmethods=4 adapters=133 free_code_cache=48767Kb largest_free_block=49918464

Compilation events (8 events):
Event: 0.054 Thread 0x00007fa86d059000    1             java.lang.String::hashCode (67 bytes)
Event: 0.058 Thread 0x00007fa86d059000 nmethod 1 0x000000010192f190 code [0x000000010192f2c0, 0x000000010192f458]
Event: 0.064 Thread 0x00007fa86d05b000    2             java.lang.Math::abs (11 bytes)
Event: 0.064 Thread 0x00007fa86d05b000 nmethod 2 0x000000010192ed50 code [0x000000010192ee80, 0x000000010192eed8]
Event: 0.064 Thread 0x00007fa86d059000    3             LeetCode.OnlineJudge.Q60_NQueen2::checkBoard (49 bytes)
Event: 0.067 Thread 0x00007fa86d059000 nmethod 3 0x000000010192e9d0 code [0x000000010192eb00, 0x000000010192ecb8]
Event: 0.068 Thread 0x00007fa86d05b000    4             LeetCode.OnlineJudge.Q60_NQueen2::solveNqueensHelper (57 bytes)
Event: 0.071 Thread 0x00007fa86d05b000 nmethod 4 0x000000010192e450 code [0x000000010192e5a0, 0x000000010192e868]

GC Heap History (0 events):
No events

Deoptimization events (0 events):
No events

Internal exceptions (10 events):
Event: 0.058 Thread 0x00007fa86e800000 Threw 0x000000015cadc4a8 at /HUDSON/workspace/jdk7u5-2-build-macosx-amd64-product/jdk7u5/hotspot/src/share/vm/prims/jvm.cpp:1166
Event: 0.058 Thread 0x00007fa86e800000 Threw 0x000000015cadc5d0 at /HUDSON/workspace/jdk7u5-2-build-macosx-amd64-product/jdk7u5/hotspot/src/share/vm/prims/jvm.cpp:1166
Event: 0.059 Thread 0x00007fa86e800000 Threw 0x000000015cadd050 at /HUDSON/workspace/jdk7u5-2-build-macosx-amd64-product/jdk7u5/hotspot/src/share/vm/prims/jni.cpp:715
Event: 0.059 Thread 0x00007fa86e800000 Threw 0x000000015cadd170 at /HUDSON/workspace/jdk7u5-2-build-macosx-amd64-product/jdk7u5/hotspot/src/share/vm/prims/jvm.cpp:1166
Event: 0.059 Thread 0x00007fa86e800000 Threw 0x000000015cadd298 at /HUDSON/workspace/jdk7u5-2-build-macosx-amd64-product/jdk7u5/hotspot/src/share/vm/prims/jvm.cpp:1166
Event: 0.060 Thread 0x00007fa86e800000 Threw 0x000000015caef760 at /HUDSON/workspace/jdk7u5-2-build-macosx-amd64-product/jdk7u5/hotspot/src/share/vm/prims/jni.cpp:715
Event: 0.060 Thread 0x00007fa86e800000 Threw 0x000000015caef880 at /HUDSON/workspace/jdk7u5-2-build-macosx-amd64-product/jdk7u5/hotspot/src/share/vm/prims/jvm.cpp:1166
Event: 0.060 Thread 0x00007fa86e800000 Threw 0x000000015caef9a8 at /HUDSON/workspace/jdk7u5-2-build-macosx-amd64-product/jdk7u5/hotspot/src/share/vm/prims/jvm.cpp:1166
Event: 0.060 Thread 0x00007fa86e800000 Threw 0x000000015caefc30 at /HUDSON/workspace/jdk7u5-2-build-macosx-amd64-product/jdk7u5/hotspot/src/share/vm/prims/jvm.cpp:1166
Event: 0.063 Thread 0x00007fa86e800000 Threw 0x000000015cb58b10 at /HUDSON/workspace/jdk7u5-2-build-macosx-amd64-product/jdk7u5/hotspot/src/share/vm/prims/jvm.cpp:1166

Events (10 events):
Event: 0.062 loading class 0x00007fa86c95f520 done
Event: 0.062 loading class 0x00007fa86c95f550
Event: 0.062 loading class 0x00007fa86c95f550 done
Event: 0.062 loading class 0x00007fa86bc10e50
Event: 0.062 loading class 0x00007fa86bc10e50 done
Event: 0.063 loading class 0x00007fa86c911840
Event: 0.063 loading class 0x00007fa86c911840 done
Event: 0.063 loading class 0x00007fa86c962090
Event: 0.063 loading class 0x00007fa86c962090 done
Event: 4.111 Executing VM operation: EnableBiasedLocking


Dynamic libraries:
0x000000000a823000 	/System/Library/Frameworks/Cocoa.framework/Versions/A/Cocoa
0x000000000a823000 	/System/Library/Frameworks/Security.framework/Versions/A/Security
0x000000000a823000 	/System/Library/Frameworks/ApplicationServices.framework/Versions/A/ApplicationServices
0x000000000a823000 	/usr/lib/libz.1.dylib
0x000000000a823000 	/usr/lib/libSystem.B.dylib
0x000000000a823000 	/usr/lib/libobjc.A.dylib
0x000000000a823000 	/System/Library/Frameworks/CoreFoundation.framework/Versions/A/CoreFoundation
0x000000000a823000 	/System/Library/Frameworks/AppKit.framework/Versions/C/AppKit
0x000000000a823000 	/System/Library/Frameworks/CoreData.framework/Versions/A/CoreData
0x000000000a823000 	/System/Library/Frameworks/Foundation.framework/Versions/C/Foundation
0x000000000a823000 	/System/Library/PrivateFrameworks/RemoteViewServices.framework/Versions/A/RemoteViewServices
0x000000000a823000 	/System/Library/Frameworks/AudioToolbox.framework/Versions/A/AudioToolbox
0x000000000a823000 	/System/Library/Frameworks/AudioUnit.framework/Versions/A/AudioUnit
0x000000000a823000 	/System/Library/PrivateFrameworks/DataDetectorsCore.framework/Versions/A/DataDetectorsCore
0x000000000a823000 	/System/Library/PrivateFrameworks/DesktopServicesPriv.framework/Versions/A/DesktopServicesPriv
0x000000000a823000 	/System/Library/Frameworks/Carbon.framework/Versions/A/Frameworks/HIToolbox.framework/Versions/A/HIToolbox
0x000000000a823000 	/System/Library/Frameworks/QuartzCore.framework/Versions/A/QuartzCore
0x000000000a823000 	/System/Library/Frameworks/Carbon.framework/Versions/A/Frameworks/SpeechRecognition.framework/Versions/A/SpeechRecognition
0x000000000a823000 	/usr/lib/libauto.dylib
0x000000000a823000 	/usr/lib/libicucore.A.dylib
0x000000000a823000 	/usr/lib/libxml2.2.dylib
0x000000000a823000 	/System/Library/PrivateFrameworks/CoreUI.framework/Versions/A/CoreUI
0x000000000a823000 	/System/Library/Frameworks/CoreAudio.framework/Versions/A/CoreAudio
0x000000000a823000 	/System/Library/Frameworks/DiskArbitration.framework/Versions/A/DiskArbitration
0x000000000a823000 	/usr/lib/liblangid.dylib
0x000000000a823000 	/System/Library/PrivateFrameworks/MultitouchSupport.framework/Versions/A/MultitouchSupport
0x000000000a823000 	/System/Library/Frameworks/IOKit.framework/Versions/A/IOKit
0x000000000a823000 	/usr/lib/libDiagnosticMessagesClient.dylib
0x000000000a823000 	/System/Library/Frameworks/CoreServices.framework/Versions/A/CoreServices
0x000000000a823000 	/System/Library/PrivateFrameworks/PerformanceAnalysis.framework/Versions/A/PerformanceAnalysis
0x000000000a823000 	/System/Library/PrivateFrameworks/GenerationalStorage.framework/Versions/A/GenerationalStorage
0x000000000a823000 	/System/Library/Frameworks/OpenGL.framework/Versions/A/OpenGL
0x000000000a823000 	/System/Library/Frameworks/CoreText.framework/Versions/A/CoreText
0x000000000a823000 	/System/Library/Frameworks/ImageIO.framework/Versions/A/ImageIO
0x000000000a823000 	/System/Library/PrivateFrameworks/Backup.framework/Versions/A/Backup
0x000000000a823000 	/System/Library/Frameworks/CFNetwork.framework/Versions/A/CFNetwork
0x000000000a823000 	/System/Library/Frameworks/SystemConfiguration.framework/Versions/A/SystemConfiguration
0x000000000a823000 	/usr/lib/libCRFSuite.dylib
0x000000000a823000 	/System/Library/PrivateFrameworks/TCC.framework/Versions/A/TCC
0x000000000a823000 	/usr/lib/libc++.1.dylib
0x000000000a823000 	/usr/lib/libc++abi.dylib
0x000000000a823000 	/usr/lib/system/libcache.dylib
0x000000000a823000 	/usr/lib/system/libcommonCrypto.dylib
0x000000000a823000 	/usr/lib/system/libcompiler_rt.dylib
0x000000000a823000 	/usr/lib/system/libcopyfile.dylib
0x000000000a823000 	/usr/lib/system/libdispatch.dylib
0x000000000a823000 	/usr/lib/system/libdnsinfo.dylib
0x000000000a823000 	/usr/lib/system/libdyld.dylib
0x000000000a823000 	/usr/lib/system/libkeymgr.dylib
0x000000000a823000 	/usr/lib/system/liblaunch.dylib
0x000000000a823000 	/usr/lib/system/libmacho.dylib
0x000000000a823000 	/usr/lib/system/libquarantine.dylib
0x000000000a823000 	/usr/lib/system/libremovefile.dylib
0x000000000a823000 	/usr/lib/system/libsystem_blocks.dylib
0x000000000a823000 	/usr/lib/system/libsystem_c.dylib
0x000000000a823000 	/usr/lib/system/libsystem_dnssd.dylib
0x000000000a823000 	/usr/lib/system/libsystem_info.dylib
0x000000000a823000 	/usr/lib/system/libsystem_kernel.dylib
0x000000000a823000 	/usr/lib/system/libsystem_m.dylib
0x000000000a823000 	/usr/lib/system/libsystem_network.dylib
0x000000000a823000 	/usr/lib/system/libsystem_notify.dylib
0x000000000a823000 	/usr/lib/system/libsystem_sandbox.dylib
0x000000000a823000 	/usr/lib/system/libunc.dylib
0x000000000a823000 	/usr/lib/system/libunwind.dylib
0x000000000a823000 	/usr/lib/system/libxpc.dylib
0x000000000a823000 	/usr/lib/system/libcorecrypto.dylib
0x000000000a823000 	/usr/lib/libstdc++.6.dylib
0x000000000a823000 	/usr/lib/libbsm.0.dylib
0x000000000a823000 	/usr/lib/libsqlite3.dylib
0x000000000a823000 	/usr/lib/libxar.1.dylib
0x000000000a823000 	/usr/lib/libpam.2.dylib
0x000000000a823000 	/usr/lib/libOpenScriptingUtil.dylib
0x000000000a823000 	/usr/lib/libbz2.1.0.dylib
0x000000000a823000 	/System/Library/Frameworks/CoreServices.framework/Versions/A/Frameworks/CarbonCore.framework/Versions/A/CarbonCore
0x000000000a823000 	/System/Library/Frameworks/CoreServices.framework/Versions/A/Frameworks/Metadata.framework/Versions/A/Metadata
0x000000000a823000 	/System/Library/Frameworks/CoreServices.framework/Versions/A/Frameworks/OSServices.framework/Versions/A/OSServices
0x000000000a823000 	/System/Library/Frameworks/CoreServices.framework/Versions/A/Frameworks/SearchKit.framework/Versions/A/SearchKit
0x000000000a823000 	/System/Library/Frameworks/CoreServices.framework/Versions/A/Frameworks/AE.framework/Versions/A/AE
0x000000000a823000 	/System/Library/Frameworks/CoreServices.framework/Versions/A/Frameworks/LaunchServices.framework/Versions/A/LaunchServices
0x000000000a823000 	/System/Library/Frameworks/CoreServices.framework/Versions/A/Frameworks/DictionaryServices.framework/Versions/A/DictionaryServices
0x000000000a823000 	/System/Library/Frameworks/NetFS.framework/Versions/A/NetFS
0x000000000a823000 	/usr/lib/system/libkxld.dylib
0x000000000a823000 	/System/Library/PrivateFrameworks/NetAuth.framework/Versions/A/NetAuth
0x000000000a823000 	/System/Library/Frameworks/OpenDirectory.framework/Versions/A/Frameworks/CFOpenDirectory.framework/Versions/A/CFOpenDirectory
0x000000000a823000 	/usr/lib/libxslt.1.dylib
0x000000000a823000 	/System/Library/PrivateFrameworks/FamilyControls.framework/Versions/A/FamilyControls
0x000000000a823000 	/System/Library/Frameworks/Carbon.framework/Versions/A/Frameworks/Ink.framework/Versions/A/Ink
0x000000000a823000 	/System/Library/Frameworks/ApplicationServices.framework/Versions/A/Frameworks/CoreGraphics.framework/Versions/A/CoreGraphics
0x000000000a823000 	/System/Library/Frameworks/ApplicationServices.framework/Versions/A/Frameworks/ATS.framework/Versions/A/ATS
0x000000000a823000 	/System/Library/Frameworks/ApplicationServices.framework/Versions/A/Frameworks/ColorSync.framework/Versions/A/ColorSync
0x000000000a823000 	/System/Library/Frameworks/ApplicationServices.framework/Versions/A/Frameworks/HIServices.framework/Versions/A/HIServices
0x000000000a823000 	/System/Library/Frameworks/ApplicationServices.framework/Versions/A/Frameworks/LangAnalysis.framework/Versions/A/LangAnalysis
0x000000000a823000 	/System/Library/Frameworks/ApplicationServices.framework/Versions/A/Frameworks/PrintCore.framework/Versions/A/PrintCore
0x000000000a823000 	/System/Library/Frameworks/ApplicationServices.framework/Versions/A/Frameworks/QD.framework/Versions/A/QD
0x000000000a823000 	/System/Library/Frameworks/ApplicationServices.framework/Versions/A/Frameworks/SpeechSynthesis.framework/Versions/A/SpeechSynthesis
0x000000000a823000 	/System/Library/Frameworks/IOSurface.framework/Versions/A/IOSurface
0x000000000a823000 	/System/Library/Frameworks/Accelerate.framework/Versions/A/Accelerate
0x000000000a823000 	/System/Library/Frameworks/ApplicationServices.framework/Versions/A/Frameworks/ATS.framework/Versions/A/Resources/libFontParser.dylib
0x000000000a823000 	/System/Library/Frameworks/ApplicationServices.framework/Versions/A/Frameworks/ATS.framework/Versions/A/Resources/libFontRegistry.dylib
0x000000000a823000 	/System/Library/Frameworks/Accelerate.framework/Versions/A/Frameworks/vImage.framework/Versions/A/vImage
0x000000000a823000 	/System/Library/Frameworks/Accelerate.framework/Versions/A/Frameworks/vecLib.framework/Versions/A/vecLib
0x000000000a823000 	/System/Library/Frameworks/Accelerate.framework/Versions/A/Frameworks/vecLib.framework/Versions/A/libvDSP.dylib
0x000000000a823000 	/System/Library/Frameworks/Accelerate.framework/Versions/A/Frameworks/vecLib.framework/Versions/A/libvMisc.dylib
0x000000000a823000 	/System/Library/Frameworks/Accelerate.framework/Versions/A/Frameworks/vecLib.framework/Versions/A/libLAPACK.dylib
0x000000000a823000 	/System/Library/Frameworks/Accelerate.framework/Versions/A/Frameworks/vecLib.framework/Versions/A/libBLAS.dylib
0x000000000a823000 	/System/Library/Frameworks/ImageIO.framework/Versions/A/Resources/libJPEG.dylib
0x000000000a823000 	/System/Library/Frameworks/ImageIO.framework/Versions/A/Resources/libTIFF.dylib
0x000000000a823000 	/System/Library/Frameworks/ImageIO.framework/Versions/A/Resources/libPng.dylib
0x000000000a823000 	/System/Library/Frameworks/ImageIO.framework/Versions/A/Resources/libGIF.dylib
0x000000000a823000 	/System/Library/Frameworks/ImageIO.framework/Versions/A/Resources/libJP2.dylib
0x000000000a823000 	/System/Library/Frameworks/ImageIO.framework/Versions/A/Resources/libRadiance.dylib
0x000000000a823000 	/usr/lib/libcups.2.dylib
0x000000000a823000 	/System/Library/Frameworks/Kerberos.framework/Versions/A/Kerberos
0x000000000a823000 	/System/Library/Frameworks/GSS.framework/Versions/A/GSS
0x000000000a823000 	/usr/lib/libresolv.9.dylib
0x000000000a823000 	/usr/lib/libiconv.2.dylib
0x000000000a823000 	/System/Library/PrivateFrameworks/Heimdal.framework/Versions/A/Heimdal
0x000000000a823000 	/System/Library/PrivateFrameworks/TrustEvaluationAgent.framework/Versions/A/TrustEvaluationAgent
0x000000000a823000 	/System/Library/Frameworks/OpenDirectory.framework/Versions/A/OpenDirectory
0x000000000a823000 	/System/Library/PrivateFrameworks/CommonAuth.framework/Versions/A/CommonAuth
0x000000000a823000 	/System/Library/PrivateFrameworks/Bom.framework/Versions/A/Bom
0x000000000a823000 	/System/Library/Frameworks/CoreVideo.framework/Versions/A/CoreVideo
0x000000000a823000 	/System/Library/Frameworks/QuartzCore.framework/Versions/A/Frameworks/CoreImage.framework/Versions/A/CoreImage
0x000000000a823000 	/System/Library/Frameworks/QuartzCore.framework/Versions/A/Frameworks/ScalableUserInterface.framework/Versions/A/ScalableUserInterface
0x000000000a823000 	/System/Library/Frameworks/OpenGL.framework/Versions/A/Libraries/libGLU.dylib
0x000000000a823000 	/System/Library/Frameworks/OpenGL.framework/Versions/A/Libraries/libGFXShared.dylib
0x000000000a823000 	/System/Library/Frameworks/OpenGL.framework/Versions/A/Libraries/libGL.dylib
0x000000000a823000 	/System/Library/Frameworks/OpenGL.framework/Versions/A/Libraries/libGLImage.dylib
0x000000000a823000 	/System/Library/Frameworks/OpenGL.framework/Versions/A/Libraries/libCVMSPluginSupport.dylib
0x000000000a823000 	/System/Library/Frameworks/OpenGL.framework/Versions/A/Libraries/libCoreVMClient.dylib
0x000000000a823000 	/System/Library/PrivateFrameworks/CrashReporterSupport.framework/Versions/A/CrashReporterSupport
0x000000000a823000 	/System/Library/Frameworks/OpenCL.framework/Versions/A/OpenCL
0x000000000a823000 	/System/Library/PrivateFrameworks/FaceCoreLight.framework/Versions/A/FaceCoreLight
0x000000000a823000 	/System/Library/PrivateFrameworks/AppleFSCompression.framework/Versions/A/AppleFSCompression
0x000000000a823000 	/System/Library/PrivateFrameworks/Ubiquity.framework/Versions/A/Ubiquity
0x000000000a823000 	/System/Library/Frameworks/ServiceManagement.framework/Versions/A/ServiceManagement
0x000000000a823000 	/System/Library/PrivateFrameworks/ChunkingLibrary.framework/Versions/A/ChunkingLibrary
0x000000000a823000 	/System/Library/Frameworks/vecLib.framework/Versions/A/vecLib
0x000000000a823000 	/System/Library/Frameworks/SecurityFoundation.framework/Versions/A/SecurityFoundation
0x000000000a823000 	/System/Library/PrivateFrameworks/CommerceKit.framework/Versions/A/Frameworks/CommerceCore.framework/Versions/A/CommerceCore
0x000000000a823000 	/System/Library/PrivateFrameworks/CoreSymbolication.framework/Versions/A/CoreSymbolication
0x000000000a823000 	/System/Library/PrivateFrameworks/Symbolication.framework/Versions/A/Symbolication
0x000000000a823000 	/System/Library/PrivateFrameworks/DebugSymbols.framework/Versions/A/DebugSymbols
0x0000000100c59000 	/Library/Java/JavaVirtualMachines/1.7.0.jdk/Contents/Home/jre/lib/server/libjvm.dylib
0x00000001017fc000 	/Library/Java/JavaVirtualMachines/1.7.0.jdk/Contents/Home/jre/lib/libverify.dylib
0x0000000101809000 	/Library/Java/JavaVirtualMachines/1.7.0.jdk/Contents/Home/jre/lib/libjava.dylib
0x00000001018c6000 	/Library/Java/JavaVirtualMachines/1.7.0.jdk/Contents/Home/jre/lib/libzip.dylib
0x000000018e325000 	/System/Library/Frameworks/JavaVM.framework/Frameworks/JavaRuntimeSupport.framework/JavaRuntimeSupport
0x000000018e33d000 	/System/Library/Frameworks/JavaVM.framework/Versions/A/Frameworks/JavaNativeFoundation.framework/Versions/A/JavaNativeFoundation
0x000000018e352000 	/System/Library/Frameworks/JavaVM.framework/Versions/A/JavaVM
0x000000000a823000 	/System/Library/Frameworks/Carbon.framework/Versions/A/Carbon
0x000000018e35f000 	/System/Library/PrivateFrameworks/JavaLaunching.framework/Versions/A/JavaLaunching
0x000000000a823000 	/System/Library/Frameworks/Carbon.framework/Versions/A/Frameworks/CommonPanels.framework/Versions/A/CommonPanels
0x000000000a823000 	/System/Library/Frameworks/Carbon.framework/Versions/A/Frameworks/Help.framework/Versions/A/Help
0x000000000a823000 	/System/Library/Frameworks/Carbon.framework/Versions/A/Frameworks/ImageCapture.framework/Versions/A/ImageCapture
0x000000000a823000 	/System/Library/Frameworks/Carbon.framework/Versions/A/Frameworks/OpenScripting.framework/Versions/A/OpenScripting
0x000000000a823000 	/System/Library/Frameworks/Carbon.framework/Versions/A/Frameworks/Print.framework/Versions/A/Print
0x000000000a823000 	/System/Library/Frameworks/Carbon.framework/Versions/A/Frameworks/SecurityHI.framework/Versions/A/SecurityHI

VM Arguments:
jvm_args: -Dfile.encoding=UTF-8 
java_command: LeetCode.OnlineJudge.Q60_NQueen2
Launcher Type: SUN_STANDARD

Environment Variables:
PATH=/usr/bin:/bin:/usr/sbin:/sbin
LD_LIBRARY_PATH=/Library/Java/JavaVirtualMachines/1.7.0.jdk/Contents/Home/jre/lib/amd64:/Library/Java/JavaVirtualMachines/1.7.0.jdk/Contents/Home/jre/lib/i386:
SHELL=/bin/bash

Signal Handlers:
SIGSEGV: [libjvm.dylib+0x4a1961], sa_mask[0]=0xfffefeff, sa_flags=0x00000042
SIGBUS: [libjvm.dylib+0x4a1961], sa_mask[0]=0xfffefeff, sa_flags=0x00000042
SIGFPE: [libjvm.dylib+0x3b173d], sa_mask[0]=0xfffefeff, sa_flags=0x00000042
SIGPIPE: [libjvm.dylib+0x3b173d], sa_mask[0]=0xfffefeff, sa_flags=0x00000042
SIGXFSZ: [libjvm.dylib+0x3b173d], sa_mask[0]=0xfffefeff, sa_flags=0x00000042
SIGILL: [libjvm.dylib+0x3b173d], sa_mask[0]=0xfffefeff, sa_flags=0x00000042
SIGUSR1: SIG_DFL, sa_mask[0]=0x00000000, sa_flags=0x00000002
SIGUSR2: [libjvm.dylib+0x3b12ca], sa_mask[0]=0x00000004, sa_flags=0x00000042
SIGHUP: [libjvm.dylib+0x3af4ef], sa_mask[0]=0xfffefeff, sa_flags=0x00000042
SIGINT: SIG_IGN, sa_mask[0]=0x00000000, sa_flags=0x00000000
SIGTERM: [libjvm.dylib+0x3af4ef], sa_mask[0]=0xfffefeff, sa_flags=0x00000042
SIGQUIT: [libjvm.dylib+0x3af4ef], sa_mask[0]=0xfffefeff, sa_flags=0x00000042


---------------  S Y S T E M  ---------------

OS:Bsd
uname:Darwin 12.2.1 Darwin Kernel Version 12.2.1: Thu Oct 18 16:32:48 PDT 2012; root:xnu-2050.20.9~2/RELEASE_X86_64 x86_64
rlimit: STACK 8192k, CORE 0k, NPROC 709, NOFILE 10240
CPU:total 8 (4 cores per cpu, 2 threads per core) family 6 model 58 stepping 9, cmov, cx8, fxsr, mmx, sse, sse2, sse3, ssse3, sse4.1, sse4.2, popcnt, avx, ht, tsc, tscinvbit, tscinv

Memory: 4k page, physical 8144908k(2036227k free)

/proc/meminfo:


vm_info: Java HotSpot(TM) 64-Bit Server VM (23.1-b03) for bsd-amd64 JRE (1.7.0_05-b05), built on May 17 2012 19:38:23 by "java_re" with gcc 4.2.1 (Based on Apple Inc. build 5658) (LLVM build 2336.1.00)

time: Mon Jan 14 21:13:12 2013
elapsed time: 378 seconds

